<?xml version="1.0" encoding="UTF-8"?>
<!-- Generated by org.testng.reporters.JUnitXMLReporter -->
<testsuite hostname="DESKTOP-RKHPL37" ignored="0" name="Test" tests="9" failures="2" timestamp="2020-09-20T16:44:58 IST" time="113.78" errors="0">
  <testcase name="TC01_verifyDragAndDrop" time="3.528" classname="testCases.Assignment1_DemoQA">
    <skipped/>
  </testcase> <!-- TC01_verifyDragAndDrop -->
  <testcase name="TC01_verifyDragAndDrop" time="3.292" classname="testCases.Assignment1_DemoQA">
    <skipped/>
  </testcase> <!-- TC01_verifyDragAndDrop -->
  <testcase name="TC01_verifyDragAndDrop" time="3.657" classname="testCases.Assignment1_DemoQA">
    <failure type="java.lang.AssertionError" message="expected [Dropped] but found [Dropped!]">
      <![CDATA[java.lang.AssertionError: expected [Dropped] but found [Dropped!]
at testCases.Assignment1_DemoQA.TC01_verifyDragAndDrop(Assignment1_DemoQA.java:36)
at java.util.ArrayList.forEach(Unknown Source)
... Removed 32 stack frames]]>
    </failure>
  </testcase> <!-- TC01_verifyDragAndDrop -->
  <testcase name="TC02_verifyDatePicker" time="7.951" classname="testCases.Assignment1_DemoQA">
    <skipped/>
  </testcase> <!-- TC02_verifyDatePicker -->
  <testcase name="TC02_verifyDatePicker" time="7.797" classname="testCases.Assignment1_DemoQA">
    <skipped/>
  </testcase> <!-- TC02_verifyDatePicker -->
  <testcase name="TC02_verifyDatePicker" time="7.898" classname="testCases.Assignment1_DemoQA">
    <failure type="java.lang.AssertionError" message="expected [June 29, 1989 11:00 AM] but found [abc]">
      <![CDATA[java.lang.AssertionError: expected [June 29, 1989 11:00 AM] but found [abc]
at testCases.Assignment1_DemoQA.TC02_verifyDatePicker(Assignment1_DemoQA.java:57)
at java.util.ArrayList.forEach(Unknown Source)
... Removed 32 stack frames]]>
    </failure>
  </testcase> <!-- TC02_verifyDatePicker -->
  <testcase name="TC03_verifySelectable" time="3.378" classname="testCases.Assignment1_DemoQA"/>
  <testcase name="TC04_verifySelectMenu" time="3.566" classname="testCases.Assignment1_DemoQA"/>
  <testcase name="TC05_verifyPracticeForm" time="6.255" classname="testCases.Assignment1_DemoQA"/>
</testsuite> <!-- Test -->
